#
# There is insufficient memory for the Java Runtime Environment to continue.
# Native memory allocation (malloc) failed to allocate 32744 bytes for ChunkPool::allocate
# Possible reasons:
#   The system is out of physical RAM or swap space
#   The process is running with CompressedOops enabled, and the Java Heap may be blocking the growth of the native heap
# Possible solutions:
#   Reduce memory load on the system
#   Increase physical memory or swap space
#   Check if swap backing store is full
#   Decrease Java heap size (-Xmx/-Xms)
#   Decrease number of Java threads
#   Decrease Java thread stack sizes (-Xss)
#   Set larger code cache with -XX:ReservedCodeCacheSize=
#   JVM is running with Zero Based Compressed Oops mode in which the Java heap is
#     placed in the first 32GB address space. The Java Heap base address is the
#     maximum limit for the native heap growth. Please use -XX:HeapBaseMinAddress
#     to set the Java Heap base and to place the Java Heap above 32GB virtual address.
# This output file may be truncated or incomplete.
#
#  Out of Memory Error (allocation.cpp:272), pid=7480, tid=0x0000000000005a74
#
# JRE version: Java(TM) SE Runtime Environment (8.0_241-b07) (build 1.8.0_241-b07)
# Java VM: Java HotSpot(TM) 64-Bit Server VM (25.241-b07 mixed mode windows-amd64 compressed oops)
# Failed to write core dump. Minidumps are not enabled by default on client versions of Windows
#

---------------  T H R E A D  ---------------

Current thread (0x000000001e4ad000):  JavaThread "C2 CompilerThread2" daemon [_thread_in_native, id=23156, stack(0x000000001ee70000,0x000000001ef70000)]

Stack: [0x000000001ee70000,0x000000001ef70000]
[error occurred during error reporting (printing stack bounds), id 0xc0000005]

Native frames: (J=compiled Java code, j=interpreted, Vv=VM code, C=native code)


Current CompileTask:
C2:2537599 1854 %     4       io.netty.util.HashedWheelTimer$Worker::run @ 42 (204 bytes)


---------------  P R O C E S S  ---------------

Java Threads: ( => current thread )
  0x000000001e5dc800 JavaThread "DestroyJavaVM" [_thread_blocked, id=23216, stack(0x0000000002970000,0x0000000002a70000)]
  0x000000001e5dc000 JavaThread "AsyncHttpClient-9-1" [_thread_in_native, id=21016, stack(0x00000000232d0000,0x00000000233d0000)]
  0x000000001f5ee000 JavaThread "AsyncHttpClient-7-1" [_thread_in_native, id=34252, stack(0x00000000221c0000,0x00000000222c0000)]
  0x000000001f5ed000 JavaThread "AsyncHttpClient-timer-8-1" [_thread_blocked, id=23516, stack(0x00000000220c0000,0x00000000221c0000)]
  0x000000001e7ec000 JavaThread "AsyncHttpClient-timer-6-1" [_thread_blocked, id=32512, stack(0x0000000021fc0000,0x00000000220c0000)]
  0x000000001fc42000 JavaThread "AsyncHttpClient-3-1" [_thread_in_native, id=34952, stack(0x0000000020eb0000,0x0000000020fb0000)]
  0x000000001fa3c800 JavaThread "Exec Stream Pumper" daemon [_thread_in_native, id=9828, stack(0x00000000206b0000,0x00000000207b0000)]
  0x000000001fa39800 JavaThread "Exec Stream Pumper" daemon [_thread_in_native, id=35552, stack(0x00000000205b0000,0x00000000206b0000)]
  0x000000001f9f7800 JavaThread "Exec Default Executor" daemon [_thread_in_native, id=16692, stack(0x00000000203b0000,0x00000000204b0000)]
  0x000000001f9ec000 JavaThread "AsyncHttpClient-timer-4-1" [_thread_blocked, id=28956, stack(0x00000000202b0000,0x00000000203b0000)]
  0x000000001f786800 JavaThread "AsyncHttpClient-timer-1-1" [_thread_blocked, id=32624, stack(0x000000001fdb0000,0x000000001feb0000)]
  0x000000001e536000 JavaThread "Service Thread" daemon [_thread_blocked, id=25764, stack(0x000000001f070000,0x000000001f170000)]
  0x000000001e4b1000 JavaThread "C1 CompilerThread3" daemon [_thread_blocked, id=33556, stack(0x000000001ef70000,0x000000001f070000)]
=>0x000000001e4ad000 JavaThread "C2 CompilerThread2" daemon [_thread_in_native, id=23156, stack(0x000000001ee70000,0x000000001ef70000)]
  0x000000001e49d800 JavaThread "C2 CompilerThread1" daemon [_thread_blocked, id=35456, stack(0x000000001ed70000,0x000000001ee70000)]
  0x000000001e49a800 JavaThread "C2 CompilerThread0" daemon [_thread_blocked, id=34748, stack(0x000000001ec70000,0x000000001ed70000)]
  0x000000001e498000 JavaThread "Attach Listener" daemon [_thread_blocked, id=9480, stack(0x000000001eb70000,0x000000001ec70000)]
  0x000000001e497000 JavaThread "Signal Dispatcher" daemon [_thread_blocked, id=35356, stack(0x000000001ea70000,0x000000001eb70000)]
  0x0000000002b69800 JavaThread "Finalizer" daemon [_thread_blocked, id=23564, stack(0x000000001e870000,0x000000001e970000)]
  0x0000000002b68000 JavaThread "Reference Handler" daemon [_thread_blocked, id=28612, stack(0x000000001e370000,0x000000001e470000)]

Other Threads:
  0x000000001c59a000 VMThread [stack: 0x000000001e270000,0x000000001e370000] [id=31020]
  0x000000001e551800 WatcherThread [stack: 0x000000001f170000,0x000000001f270000] [id=24280]

VM state:not at safepoint (normal execution)

VM Mutex/Monitor currently owned by a thread: None

heap address: 0x00000006c1a00000, size: 4070 MB, Compressed Oops mode: Zero based, Oop shift amount: 3
Narrow klass base: 0x0000000000000000, Narrow klass shift: 3
Compressed class space size: 1073741824 Address: 0x00000007c0000000

Heap:
 PSYoungGen      total 76288K, used 42645K [0x000000076b380000, 0x0000000770880000, 0x00000007c0000000)
  eden space 65536K, 48% used [0x000000076b380000,0x000000076d2a8c48,0x000000076f380000)
  from space 10752K, 99% used [0x000000076f380000,0x000000076fdfc908,0x000000076fe00000)
  to   space 10752K, 0% used [0x000000076fe00000,0x000000076fe00000,0x0000000770880000)
 ParOldGen       total 175104K, used 689K [0x00000006c1a00000, 0x00000006cc500000, 0x000000076b380000)
  object space 175104K, 0% used [0x00000006c1a00000,0x00000006c1aac6e8,0x00000006cc500000)
 Metaspace       used 18808K, capacity 19724K, committed 19968K, reserved 1067008K
  class space    used 2463K, capacity 2714K, committed 2816K, reserved 1048576K

Card table byte_map: [0x0000000011f30000,0x0000000012730000] byte_map_base: 0x000000000e923000

Marking Bits: (ParMarkBitMap*) 0x0000000066ddbe30
 Begin Bits: [0x0000000013480000, 0x0000000017418000)
 End Bits:   [0x0000000017418000, 0x000000001b3b0000)

Polling page: 0x0000000000b50000

CodeCache: size=245760Kb used=5157Kb max_used=5539Kb free=240602Kb
 bounds [0x0000000002b70000, 0x00000000030e0000, 0x0000000011b70000]
 total_blobs=2145 nmethods=1705 adapters=352
 compilation: enabled

Compilation events (10 events):
Event: 1513.585 Thread 0x000000001e4b1000 nmethod 1849% 0x0000000002c7da10 code [0x0000000002c7dce0, 0x0000000002c7f048]
Event: 1539.183 Thread 0x000000001e4b1000 1850       3       io.netty.util.HashedWheelTimer$Worker::run (204 bytes)
Event: 1539.184 Thread 0x000000001e4b1000 nmethod 1850 0x0000000002c81850 code [0x0000000002c81b20, 0x0000000002c82de8]
Event: 1552.114 Thread 0x000000001e4b1000 1851       3       java.util.concurrent.ConcurrentLinkedDeque$Itr::<init> (6 bytes)
Event: 1552.114 Thread 0x000000001e4b1000 nmethod 1851 0x0000000002ca2b90 code [0x0000000002ca2d00, 0x0000000002ca2fc8]
Event: 1552.114 Thread 0x000000001e4b1000 1852       3       java.util.concurrent.ConcurrentLinkedDeque$Itr::<init> (11 bytes)
Event: 1552.114 Thread 0x000000001e4b1000 nmethod 1852 0x0000000002edcb50 code [0x0000000002edccc0, 0x0000000002edcf28]
Event: 1552.114 Thread 0x000000001e4b1000 1853       3       java.util.concurrent.ConcurrentLinkedDeque$AbstractItr::<init> (14 bytes)
Event: 1552.114 Thread 0x000000001e4b1000 nmethod 1853 0x0000000002ca5690 code [0x0000000002ca5800, 0x0000000002ca5a08]
Event: 2537.583 Thread 0x000000001e4ad000 1854 %     4       io.netty.util.HashedWheelTimer$Worker::run @ 42 (204 bytes)

GC Heap History (2 events):
Event: 3.767 GC heap before
{Heap before GC invocations=1 (full 0):
 PSYoungGen      total 76288K, used 55103K [0x000000076b380000, 0x0000000770880000, 0x00000007c0000000)
  eden space 65536K, 84% used [0x000000076b380000,0x000000076e94fe88,0x000000076f380000)
  from space 10752K, 0% used [0x000000076fe00000,0x000000076fe00000,0x0000000770880000)
  to   space 10752K, 0% used [0x000000076f380000,0x000000076f380000,0x000000076fe00000)
 ParOldGen       total 175104K, used 0K [0x00000006c1a00000, 0x00000006cc500000, 0x000000076b380000)
  object space 175104K, 0% used [0x00000006c1a00000,0x00000006c1a00000,0x00000006cc500000)
 Metaspace       used 17384K, capacity 18078K, committed 18176K, reserved 1064960K
  class space    used 2289K, capacity 2475K, committed 2560K, reserved 1048576K
Event: 3.782 GC heap after
Heap after GC invocations=1 (full 0):
 PSYoungGen      total 76288K, used 10738K [0x000000076b380000, 0x0000000770880000, 0x00000007c0000000)
  eden space 65536K, 0% used [0x000000076b380000,0x000000076b380000,0x000000076f380000)
  from space 10752K, 99% used [0x000000076f380000,0x000000076fdfc908,0x000000076fe00000)
  to   space 10752K, 0% used [0x000000076fe00000,0x000000076fe00000,0x0000000770880000)
 ParOldGen       total 175104K, used 689K [0x00000006c1a00000, 0x00000006cc500000, 0x000000076b380000)
  object space 175104K, 0% used [0x00000006c1a00000,0x00000006c1aac6e8,0x00000006cc500000)
 Metaspace       used 17384K, capacity 18078K, committed 18176K, reserved 1064960K
  class space    used 2289K, capacity 2475K, committed 2560K, reserved 1048576K
}

Deoptimization events (10 events):
Event: 3.633 Thread 0x000000000116d800 Uncommon trap: reason=class_check action=maybe_recompile pc=0x0000000002eac964 method=java.util.HashMap.putVal(ILjava/lang/Object;Ljava/lang/Object;ZZ)Ljava/lang/Object; @ 91
Event: 3.634 Thread 0x000000000116d800 Uncommon trap: reason=unstable_if action=reinterpret pc=0x0000000002e8da94 method=java.util.HashMap.getNode(ILjava/lang/Object;)Ljava/util/HashMap$Node; @ 62
Event: 3.634 Thread 0x000000000116d800 Uncommon trap: reason=class_check action=maybe_recompile pc=0x0000000002eac964 method=java.util.HashMap.putVal(ILjava/lang/Object;Ljava/lang/Object;ZZ)Ljava/lang/Object; @ 91
Event: 3.635 Thread 0x000000000116d800 Uncommon trap: reason=class_check action=maybe_recompile pc=0x0000000002eac964 method=java.util.HashMap.putVal(ILjava/lang/Object;Ljava/lang/Object;ZZ)Ljava/lang/Object; @ 91
Event: 3.635 Thread 0x000000000116d800 Uncommon trap: reason=class_check action=maybe_recompile pc=0x0000000002eac964 method=java.util.HashMap.putVal(ILjava/lang/Object;Ljava/lang/Object;ZZ)Ljava/lang/Object; @ 91
Event: 3.640 Thread 0x000000000116d800 Uncommon trap: reason=class_check action=maybe_recompile pc=0x0000000002eaac38 method=java.util.HashMap.putVal(ILjava/lang/Object;Ljava/lang/Object;ZZ)Ljava/lang/Object; @ 91
Event: 5.425 Thread 0x000000001fc42000 Uncommon trap: reason=unstable_if action=reinterpret pc=0x0000000002f8aa18 method=java.lang.ref.SoftReference.get()Ljava/lang/Object; @ 17
Event: 5.458 Thread 0x000000000116d800 Uncommon trap: reason=bimorphic action=maybe_recompile pc=0x0000000002fd3c30 method=java.util.HashMap.putVal(ILjava/lang/Object;Ljava/lang/Object;ZZ)Ljava/lang/Object; @ 91
Event: 5.461 Thread 0x000000000116d800 Uncommon trap: reason=unstable_if action=reinterpret pc=0x0000000002ff52c0 method=java.util.concurrent.ConcurrentHashMap.putVal(Ljava/lang/Object;Ljava/lang/Object;Z)Ljava/lang/Object; @ 181
Event: 15.787 Thread 0x000000000116d800 Uncommon trap: reason=bimorphic action=maybe_recompile pc=0x0000000002fd3c30 method=java.util.HashMap.putVal(ILjava/lang/Object;Ljava/lang/Object;ZZ)Ljava/lang/Object; @ 91

Classes redefined (0 events):
No events

Internal exceptions (10 events):
Event: 1.912 Thread 0x000000000116d800 Exception <a 'java/lang/NoSuchMethodError': java.lang.Object.lambda$chars$0()Ljava/util/Spliterator$OfInt;> (0x000000076db28658) thrown at [C:\ade\jenkins\workspace\8-2-build-windows-amd64-cygwin\jdk8u241\331\hotspot\src\share\vm\interpreter\linkResolver.
Event: 3.715 Thread 0x000000001fc42000 Exception <a 'java/lang/ArrayIndexOutOfBoundsException'> (0x000000076e6d8930) thrown at [C:\ade\jenkins\workspace\8-2-build-windows-amd64-cygwin\jdk8u241\331\hotspot\src\share\vm\runtime\sharedRuntime.cpp, line 605]
Event: 3.715 Thread 0x000000001fc42000 Exception <a 'java/lang/ArrayIndexOutOfBoundsException'> (0x000000076e6da158) thrown at [C:\ade\jenkins\workspace\8-2-build-windows-amd64-cygwin\jdk8u241\331\hotspot\src\share\vm\runtime\sharedRuntime.cpp, line 605]
Event: 3.717 Thread 0x000000001fc42000 Exception <a 'java/lang/ArrayIndexOutOfBoundsException'> (0x000000076e6dd8b0) thrown at [C:\ade\jenkins\workspace\8-2-build-windows-amd64-cygwin\jdk8u241\331\hotspot\src\share\vm\runtime\sharedRuntime.cpp, line 605]
Event: 3.717 Thread 0x000000001fc42000 Exception <a 'java/lang/ArrayIndexOutOfBoundsException'> (0x000000076e6dea28) thrown at [C:\ade\jenkins\workspace\8-2-build-windows-amd64-cygwin\jdk8u241\331\hotspot\src\share\vm\runtime\sharedRuntime.cpp, line 605]
Event: 5.452 Thread 0x000000000116d800 Exception <a 'java/lang/NoSuchMethodError': java.lang.Object.lambda$getResponseFunction$0(Lorg/openqa/selenium/remote/InitialHandshakeResponse;)Lorg/openqa/selenium/remote/ProtocolHandshake$Result;> (0x000000076c54fdb0) thrown at [C:\ade\jenkins\workspace
Event: 5.597 Thread 0x000000001e5dc000 Exception <a 'java/lang/ArrayIndexOutOfBoundsException'> (0x000000076c8f6620) thrown at [C:\ade\jenkins\workspace\8-2-build-windows-amd64-cygwin\jdk8u241\331\hotspot\src\share\vm\runtime\sharedRuntime.cpp, line 605]
Event: 11.195 Thread 0x000000000116d800 Exception <a 'java/lang/NoSuchMethodError': java.lang.Object.of(Ljava/lang/Object;)Ljava/util/stream/Stream;> (0x000000076cd4e198) thrown at [C:\ade\jenkins\workspace\8-2-build-windows-amd64-cygwin\jdk8u241\331\hotspot\src\share\vm\interpreter\linkResolve
Event: 15.778 Thread 0x000000000116d800 Exception <a 'java/lang/NoSuchMethodError': java.lang.Object.lambda$comparingInt$7b0bb60$1(Ljava/util/function/ToIntFunction;Ljava/lang/Object;Ljava/lang/Object;)I> (0x000000076cf2f938) thrown at [C:\ade\jenkins\workspace\8-2-build-windows-amd64-cygwin\jd
Event: 15.793 Thread 0x000000000116d800 Exception <a 'java/lang/NoSuchMethodError': java.lang.Object.lambda$comparing$77a9974f$1(Ljava/util/function/Function;Ljava/lang/Object;Ljava/lang/Object;)I> (0x000000076cf54678) thrown at [C:\ade\jenkins\workspace\8-2-build-windows-amd64-cygwin\jdk8u241\

Events (10 events):
Event: 1513.585 Thread 0x000000001e4b1000 flushing nmethod 0x0000000002edcb50
Event: 1513.585 Thread 0x000000001e4b1000 flushing nmethod 0x0000000002ef8290
Event: 1513.585 Thread 0x000000001e4b1000 flushing nmethod 0x0000000002f1a150
Event: 1513.585 Thread 0x000000001e4b1000 flushing nmethod 0x0000000002f22990
Event: 1539.184 Thread 0x000000001e4b1000 flushing nmethod 0x0000000002f44f50
Event: 1552.114 Thread 0x000000001e4b1000 flushing nmethod 0x0000000002f732d0
Event: 1552.114 Thread 0x000000001e4b1000 flushing nmethod 0x0000000002f8a850
Event: 1552.114 Thread 0x000000001e4b1000 flushing nmethod 0x0000000002f8aad0
Event: 1552.114 Thread 0x000000001e4b1000 flushing nmethod 0x0000000002fdc250
Event: 1552.114 Thread 0x000000001e4b1000 flushing nmethod 0x0000000002ff4610


Dynamic libraries:
0x00007ff652c30000 - 0x00007ff652c67000 	C:\Program Files\Java\jre1.8.0_241\bin\javaw.exe
0x00007ff846770000 - 0x00007ff84695d000 	C:\Windows\SYSTEM32\ntdll.dll
0x00007ff843a10000 - 0x00007ff843ac3000 	C:\Windows\System32\KERNEL32.DLL
0x00007ff842980000 - 0x00007ff842c13000 	C:\Windows\System32\KERNELBASE.dll
0x00007ff846110000 - 0x00007ff8461b3000 	C:\Windows\System32\ADVAPI32.dll
0x00007ff846480000 - 0x00007ff84651e000 	C:\Windows\System32\msvcrt.dll
0x00007ff8461c0000 - 0x00007ff84625e000 	C:\Windows\System32\sechost.dll
0x00007ff843ad0000 - 0x00007ff843bf2000 	C:\Windows\System32\RPCRT4.dll
0x00007ff8465a0000 - 0x00007ff846737000 	C:\Windows\System32\USER32.dll
0x00007ff842d80000 - 0x00007ff842da0000 	C:\Windows\System32\win32u.dll
0x00007ff846450000 - 0x00007ff846479000 	C:\Windows\System32\GDI32.dll
0x00007ff843050000 - 0x00007ff8431e9000 	C:\Windows\System32\gdi32full.dll
0x00007ff8428e0000 - 0x00007ff842980000 	C:\Windows\System32\msvcp_win.dll
0x00007ff842c20000 - 0x00007ff842d1a000 	C:\Windows\System32\ucrtbase.dll
0x00007ff831700000 - 0x00007ff831979000 	C:\Windows\WinSxS\amd64_microsoft.windows.common-controls_6595b64144ccf1df_6.0.17763.973_none_05b245900721eb81\COMCTL32.dll
0x00007ff845490000 - 0x00007ff8457bc000 	C:\Windows\System32\combase.dll
0x00007ff842dc0000 - 0x00007ff842e3e000 	C:\Windows\System32\bcryptPrimitives.dll
0x00007ff845c00000 - 0x00007ff845c2e000 	C:\Windows\System32\IMM32.DLL
0x0000000067870000 - 0x0000000067942000 	C:\Program Files\Java\jre1.8.0_241\bin\msvcr100.dll
0x00000000665b0000 - 0x0000000066e5c000 	C:\Program Files\Java\jre1.8.0_241\bin\server\jvm.dll
0x00007ff846520000 - 0x00007ff846528000 	C:\Windows\System32\PSAPI.DLL
0x00007ff840660000 - 0x00007ff840684000 	C:\Windows\SYSTEM32\WINMM.dll
0x00007ff83dbb0000 - 0x00007ff83dbba000 	C:\Windows\SYSTEM32\VERSION.dll
0x00007ff8306e0000 - 0x00007ff8306e9000 	C:\Windows\SYSTEM32\WSOCK32.dll
0x00007ff846530000 - 0x00007ff84659d000 	C:\Windows\System32\WS2_32.dll
0x00007ff840630000 - 0x00007ff84065d000 	C:\Windows\SYSTEM32\WINMMBASE.dll
0x00007ff843940000 - 0x00007ff84398a000 	C:\Windows\System32\cfgmgr32.dll
0x00007ff829e20000 - 0x00007ff829e2f000 	C:\Program Files\Java\jre1.8.0_241\bin\verify.dll
0x00007ff80b7c0000 - 0x00007ff80b7e9000 	C:\Program Files\Java\jre1.8.0_241\bin\java.dll
0x00007ff81c9b0000 - 0x00007ff81c9c6000 	C:\Program Files\Java\jre1.8.0_241\bin\zip.dll
0x00007ff843f90000 - 0x00007ff845484000 	C:\Windows\System32\SHELL32.dll
0x00007ff8457c0000 - 0x00007ff845868000 	C:\Windows\System32\shcore.dll
0x00007ff8431f0000 - 0x00007ff84393d000 	C:\Windows\System32\windows.storage.dll
0x00007ff842800000 - 0x00007ff842824000 	C:\Windows\System32\profapi.dll
0x00007ff8427a0000 - 0x00007ff8427fd000 	C:\Windows\System32\powrprof.dll
0x00007ff8463f0000 - 0x00007ff846442000 	C:\Windows\System32\shlwapi.dll
0x00007ff842780000 - 0x00007ff842791000 	C:\Windows\System32\kernel.appcore.dll
0x00007ff842da0000 - 0x00007ff842db7000 	C:\Windows\System32\cryptsp.dll
0x00007ff816cc0000 - 0x00007ff816cda000 	C:\Program Files\Java\jre1.8.0_241\bin\net.dll
0x00007ff841fd0000 - 0x00007ff842037000 	C:\Windows\system32\mswsock.dll
0x00007ff841d30000 - 0x00007ff841df6000 	C:\Windows\SYSTEM32\DNSAPI.dll
0x00007ff845870000 - 0x00007ff845878000 	C:\Windows\System32\NSI.dll
0x00007ff841cf0000 - 0x00007ff841d2d000 	C:\Windows\SYSTEM32\IPHLPAPI.DLL
0x00007ff834e90000 - 0x00007ff834e9a000 	C:\Windows\System32\rasadhlp.dll
0x00007ff83dc60000 - 0x00007ff83dcd9000 	C:\Windows\System32\fwpuclnt.dll
0x00007ff843020000 - 0x00007ff843046000 	C:\Windows\System32\bcrypt.dll
0x00007ff81ae30000 - 0x00007ff81ae54000 	C:\Program Files\Java\jre1.8.0_241\bin\sunec.dll
0x00007ff83d6a0000 - 0x00007ff83d6b6000 	C:\Windows\SYSTEM32\dhcpcsvc6.DLL
0x00007ff83d2f0000 - 0x00007ff83d30c000 	C:\Windows\SYSTEM32\dhcpcsvc.DLL
0x00007ff8142a0000 - 0x00007ff8142b2000 	C:\Program Files\Java\jre1.8.0_241\bin\nio.dll
0x00007ff841af0000 - 0x00007ff841b23000 	C:\Windows\system32\rsaenh.dll
0x00007ff842660000 - 0x00007ff842688000 	C:\Windows\SYSTEM32\USERENV.dll
0x00007ff8421a0000 - 0x00007ff8421ac000 	C:\Windows\SYSTEM32\CRYPTBASE.dll
0x00007ff8291e0000 - 0x00007ff8291eb000 	C:\Program Files\Java\jre1.8.0_241\bin\sunmscapi.dll
0x00007ff842e40000 - 0x00007ff84301c000 	C:\Windows\System32\CRYPT32.dll
0x00007ff842760000 - 0x00007ff842772000 	C:\Windows\System32\MSASN1.dll
0x00007ff829db0000 - 0x00007ff829dbd000 	C:\Program Files\Java\jre1.8.0_241\bin\management.dll
0x00007ff82fa40000 - 0x00007ff82fa56000 	C:\Windows\system32\napinsp.dll
0x00007ff82fa20000 - 0x00007ff82fa3a000 	C:\Windows\system32\pnrpnsp.dll
0x00007ff82f850000 - 0x00007ff82f85e000 	C:\Windows\System32\winrnr.dll
0x00007ff83a6c0000 - 0x00007ff83a6db000 	C:\Windows\system32\NLAapi.dll
0x00007ff83a8c0000 - 0x00007ff83a8d5000 	C:\Windows\system32\wshbth.dll

VM Arguments:
jvm_args: -Dfile.encoding=Cp1252 
java_command: webpage.web
java_class_path (initial): C:\Users\dugana.santoshini\eclipse-workspace\webpage\bin;C:\Users\dugana.santoshini\Downloads\selenium-server-4.0.0-alpha-4 (1).jar
Launcher Type: SUN_STANDARD

Environment Variables:
PATH=C:/Program Files/Java/jre1.8.0_241/bin/server;C:/Program Files/Java/jre1.8.0_241/bin;C:/Program Files/Java/jre1.8.0_241/lib/amd64;C:\Program Files (x86)\Common Files\Oracle\Java\javapath;C:\Windows\system32;C:\Windows;C:\Windows\System32\Wbem;C:\Windows\System32\WindowsPowerShell\v1.0\;C:\Windows\System32\OpenSSH\;C:\Program Files\Microsoft SQL Server\130\Tools\Binn\;C:\Program Files\Git\cmd;C:\Program Files\MySQL\MySQL Shell 8.0\bin\;C:\Users\dugana.santoshini\AppData\Local\Microsoft\WindowsApps;;C:\Users\dugana.santoshini\AppData\Local\Programs\Microsoft VS Code\bin;C:\Users\dugana.santoshini\Desktop;
USERNAME=dugana.santoshini
OS=Windows_NT
PROCESSOR_IDENTIFIER=Intel64 Family 6 Model 94 Stepping 3, GenuineIntel



---------------  S Y S T E M  ---------------

OS: Windows 10.0 , 64 bit Build 17763 (10.0.17763.475)

CPU:total 8 (initial active 8) (4 cores per cpu, 2 threads per core) family 6 model 94 stepping 3, cmov, cx8, fxsr, mmx, sse, sse2, sse3, ssse3, sse4.1, sse4.2, popcnt, avx, avx2, aes, clmul, erms, rtm, 3dnowpref, lzcnt, ht, tsc, tscinvbit, bmi1, bmi2, adx

Memory: 4k page, physical 16666212k(6630944k free), swap 39908704k(5120k free)

vm_info: Java HotSpot(TM) 64-Bit Server VM (25.241-b07) for windows-amd64 JRE (1.8.0_241-b07), built on Dec 11 2019 10:21:40 by "rejava" with MS VC++ 10.0 (VS2010)

time: Tue Feb 18 15:26:30 2020
timezone: India Standard Time
elapsed time: 2537 seconds (0d 0h 42m 17s)

