#
# There is insufficient memory for the Java Runtime Environment to continue.
# Native memory allocation (malloc) failed to allocate 1048576 bytes for AllocateHeap
# Possible reasons:
#   The system is out of physical RAM or swap space
#   The process is running with CompressedOops enabled, and the Java Heap may be blocking the growth of the native heap
# Possible solutions:
#   Reduce memory load on the system
#   Increase physical memory or swap space
#   Check if swap backing store is full
#   Decrease Java heap size (-Xmx/-Xms)
#   Decrease number of Java threads
#   Decrease Java thread stack sizes (-Xss)
#   Set larger code cache with -XX:ReservedCodeCacheSize=
#   JVM is running with Zero Based Compressed Oops mode in which the Java heap is
#     placed in the first 32GB address space. The Java Heap base address is the
#     maximum limit for the native heap growth. Please use -XX:HeapBaseMinAddress
#     to set the Java Heap base and to place the Java Heap above 32GB virtual address.
# This output file may be truncated or incomplete.
#
#  Out of Memory Error (memory/allocation.inline.hpp:61), pid=24772, tid=0x00000000000015a8
#
# JRE version:  (8.0_241-b07) (build )
# Java VM: Java HotSpot(TM) 64-Bit Server VM (25.241-b07 mixed mode windows-amd64 compressed oops)
# Failed to write core dump. Minidumps are not enabled by default on client versions of Windows
#

---------------  T H R E A D  ---------------

Current thread (0x000000000309d800):  JavaThread "Unknown thread" [_thread_in_vm, id=5544, stack(0x00000000030a0000,0x00000000031a0000)]

Stack: [0x00000000030a0000,0x00000000031a0000]
[error occurred during error reporting (printing stack bounds), id 0xc0000005]

Native frames: (J=compiled Java code, j=interpreted, Vv=VM code, C=native code)


---------------  P R O C E S S  ---------------

Java Threads: ( => current thread )

Other Threads:

=>0x000000000309d800 (exited) JavaThread "Unknown thread" [_thread_in_vm, id=5544, stack(0x00000000030a0000,0x00000000031a0000)]

VM state:not at safepoint (normal execution)

VM Mutex/Monitor currently owned by a thread: None

heap address: 0x00000006c1a00000, size: 4070 MB, Compressed Oops mode: Zero based, Oop shift amount: 3
Narrow klass base: 0x0000000000000000, Narrow klass shift: 3
Compressed class space size: 1073741824 Address: 0x00000007c0000000

Heap:
 PSYoungGen      total 76288K, used 1310K [0x000000076b380000, 0x0000000770880000, 0x00000007c0000000)
  eden space 65536K, 2% used [0x000000076b380000,0x000000076b4c7af0,0x000000076f380000)
  from space 10752K, 0% used [0x000000076fe00000,0x000000076fe00000,0x0000000770880000)
  to   space 10752K, 0% used [0x000000076f380000,0x000000076f380000,0x000000076fe00000)
 ParOldGen       total 175104K, used 0K [0x00000006c1a00000, 0x00000006cc500000, 0x000000076b380000)
  object space 175104K, 0% used [0x00000006c1a00000,0x00000006c1a00000,0x00000006cc500000)
 Metaspace       used 752K, capacity 4480K, committed 4480K, reserved 1056768K
  class space    used 76K, capacity 384K, committed 384K, reserved 1048576K

Card table byte_map: [0x0000000012660000,0x0000000012e60000] byte_map_base: 0x000000000f053000

Marking Bits: (ParMarkBitMap*) 0x0000000066ddbe30
 Begin Bits: [0x0000000013bb0000, 0x0000000017b48000)
 End Bits:   [0x0000000017b48000, 0x000000001bae0000)

Polling page: 0x00000000012d0000

CodeCache: size=245760Kb used=328Kb max_used=328Kb free=245431Kb
 bounds [0x00000000032a0000, 0x0000000003510000, 0x00000000122a0000]
 total_blobs=58 nmethods=0 adapters=38
 compilation: enabled

Compilation events (0 events):
No events

GC Heap History (0 events):
No events

Deoptimization events (0 events):
No events

Classes redefined (0 events):
No events

Internal exceptions (0 events):
No events

Events (10 events):
Event: 0.027 loading class java/lang/Short
Event: 0.027 loading class java/lang/Short done
Event: 0.027 loading class java/lang/Integer
Event: 0.027 loading class java/lang/Integer done
Event: 0.027 loading class java/lang/Long
Event: 0.027 loading class java/lang/Long done
Event: 0.028 loading class java/lang/NullPointerException
Event: 0.028 loading class java/lang/NullPointerException done
Event: 0.028 loading class java/lang/ArithmeticException
Event: 0.028 loading class java/lang/ArithmeticException done


Dynamic libraries:
0x00007ff652c30000 - 0x00007ff652c67000 	C:\Program Files\Java\jre1.8.0_241\bin\javaw.exe
0x00007ff846770000 - 0x00007ff84695d000 	C:\Windows\SYSTEM32\ntdll.dll
0x00007ff843a10000 - 0x00007ff843ac3000 	C:\Windows\System32\KERNEL32.DLL
0x00007ff842980000 - 0x00007ff842c13000 	C:\Windows\System32\KERNELBASE.dll
0x00007ff846110000 - 0x00007ff8461b3000 	C:\Windows\System32\ADVAPI32.dll
0x00007ff846480000 - 0x00007ff84651e000 	C:\Windows\System32\msvcrt.dll
0x00007ff8461c0000 - 0x00007ff84625e000 	C:\Windows\System32\sechost.dll
0x00007ff843ad0000 - 0x00007ff843bf2000 	C:\Windows\System32\RPCRT4.dll
0x00007ff8465a0000 - 0x00007ff846737000 	C:\Windows\System32\USER32.dll
0x00007ff842d80000 - 0x00007ff842da0000 	C:\Windows\System32\win32u.dll
0x00007ff846450000 - 0x00007ff846479000 	C:\Windows\System32\GDI32.dll
0x00007ff843050000 - 0x00007ff8431e9000 	C:\Windows\System32\gdi32full.dll
0x00007ff8428e0000 - 0x00007ff842980000 	C:\Windows\System32\msvcp_win.dll
0x00007ff842c20000 - 0x00007ff842d1a000 	C:\Windows\System32\ucrtbase.dll
0x00007ff831700000 - 0x00007ff831979000 	C:\Windows\WinSxS\amd64_microsoft.windows.common-controls_6595b64144ccf1df_6.0.17763.973_none_05b245900721eb81\COMCTL32.dll
0x00007ff845490000 - 0x00007ff8457bc000 	C:\Windows\System32\combase.dll
0x00007ff842dc0000 - 0x00007ff842e3e000 	C:\Windows\System32\bcryptPrimitives.dll
0x00007ff845c00000 - 0x00007ff845c2e000 	C:\Windows\System32\IMM32.DLL
0x0000000067870000 - 0x0000000067942000 	C:\Program Files\Java\jre1.8.0_241\bin\msvcr100.dll
0x00000000665b0000 - 0x0000000066e5c000 	C:\Program Files\Java\jre1.8.0_241\bin\server\jvm.dll
0x00007ff846520000 - 0x00007ff846528000 	C:\Windows\System32\PSAPI.DLL
0x00007ff83dbb0000 - 0x00007ff83dbba000 	C:\Windows\SYSTEM32\VERSION.dll
0x00007ff840660000 - 0x00007ff840684000 	C:\Windows\SYSTEM32\WINMM.dll
0x00007ff8306e0000 - 0x00007ff8306e9000 	C:\Windows\SYSTEM32\WSOCK32.dll
0x00007ff846530000 - 0x00007ff84659d000 	C:\Windows\System32\WS2_32.dll
0x00007ff840630000 - 0x00007ff84065d000 	C:\Windows\SYSTEM32\winmmbase.dll
0x00007ff843940000 - 0x00007ff84398a000 	C:\Windows\System32\cfgmgr32.dll
0x00007ff829e20000 - 0x00007ff829e2f000 	C:\Program Files\Java\jre1.8.0_241\bin\verify.dll
0x00007ff80b7c0000 - 0x00007ff80b7e9000 	C:\Program Files\Java\jre1.8.0_241\bin\java.dll
0x00007ff81c9b0000 - 0x00007ff81c9c6000 	C:\Program Files\Java\jre1.8.0_241\bin\zip.dll

VM Arguments:
jvm_args: -Dfile.encoding=Cp1252 
java_command: webpage.web
java_class_path (initial): C:\Users\dugana.santoshini\eclipse-workspace\webpage\bin;C:\Users\dugana.santoshini\Downloads\selenium-server-4.0.0-alpha-4 (1).jar
Launcher Type: SUN_STANDARD

Environment Variables:
PATH=C:/Program Files/Java/jre1.8.0_241/bin/server;C:/Program Files/Java/jre1.8.0_241/bin;C:/Program Files/Java/jre1.8.0_241/lib/amd64;C:\Program Files (x86)\Common Files\Oracle\Java\javapath;C:\Windows\system32;C:\Windows;C:\Windows\System32\Wbem;C:\Windows\System32\WindowsPowerShell\v1.0\;C:\Windows\System32\OpenSSH\;C:\Program Files\Microsoft SQL Server\130\Tools\Binn\;C:\Program Files\Git\cmd;C:\Program Files\MySQL\MySQL Shell 8.0\bin\;C:\Users\dugana.santoshini\AppData\Local\Microsoft\WindowsApps;;C:\Users\dugana.santoshini\AppData\Local\Programs\Microsoft VS Code\bin;C:\Users\dugana.santoshini\Desktop;
USERNAME=dugana.santoshini
OS=Windows_NT
PROCESSOR_IDENTIFIER=Intel64 Family 6 Model 94 Stepping 3, GenuineIntel



---------------  S Y S T E M  ---------------

OS: Windows 10.0 , 64 bit Build 17763 (10.0.17763.475)

CPU:total 8 (initial active 8) (4 cores per cpu, 2 threads per core) family 6 model 94 stepping 3, cmov, cx8, fxsr, mmx, sse, sse2, sse3, ssse3, sse4.1, sse4.2, popcnt, avx, avx2, aes, clmul, erms, rtm, 3dnowpref, lzcnt, ht, tsc, tscinvbit, bmi1, bmi2, adx

Memory: 4k page, physical 16666212k(7012676k free), swap 39908704k(5444k free)

vm_info: Java HotSpot(TM) 64-Bit Server VM (25.241-b07) for windows-amd64 JRE (1.8.0_241-b07), built on Dec 11 2019 10:21:40 by "rejava" with MS VC++ 10.0 (VS2010)

time: Tue Feb 18 15:37:52 2020
timezone: India Standard Time
elapsed time: 0 seconds (0d 0h 0m 0s)

