#
# There is insufficient memory for the Java Runtime Environment to continue.
# Native memory allocation (malloc) failed to allocate 32744 bytes for ChunkPool::allocate
# Possible reasons:
#   The system is out of physical RAM or swap space
#   The process is running with CompressedOops enabled, and the Java Heap may be blocking the growth of the native heap
# Possible solutions:
#   Reduce memory load on the system
#   Increase physical memory or swap space
#   Check if swap backing store is full
#   Decrease Java heap size (-Xmx/-Xms)
#   Decrease number of Java threads
#   Decrease Java thread stack sizes (-Xss)
#   Set larger code cache with -XX:ReservedCodeCacheSize=
#   JVM is running with Zero Based Compressed Oops mode in which the Java heap is
#     placed in the first 32GB address space. The Java Heap base address is the
#     maximum limit for the native heap growth. Please use -XX:HeapBaseMinAddress
#     to set the Java Heap base and to place the Java Heap above 32GB virtual address.
# This output file may be truncated or incomplete.
#
#  Out of Memory Error (allocation.cpp:272), pid=36624, tid=0x0000000000004ee8
#
# JRE version: Java(TM) SE Runtime Environment (8.0_241-b07) (build 1.8.0_241-b07)
# Java VM: Java HotSpot(TM) 64-Bit Server VM (25.241-b07 mixed mode windows-amd64 compressed oops)
# Failed to write core dump. Minidumps are not enabled by default on client versions of Windows
#

---------------  T H R E A D  ---------------

Current thread (0x000000001e9a0000):  JavaThread "C2 CompilerThread2" daemon [_thread_in_native, id=20200, stack(0x000000001f360000,0x000000001f460000)]

Stack: [0x000000001f360000,0x000000001f460000]
[error occurred during error reporting (printing stack bounds), id 0xc0000005]

Native frames: (J=compiled Java code, j=interpreted, Vv=VM code, C=native code)


Current CompileTask:
C2:  16231 1357   !   4       java.util.concurrent.ConcurrentHashMap::putVal (362 bytes)


---------------  P R O C E S S  ---------------

Java Threads: ( => current thread )
  0x0000000020145800 JavaThread "AsyncHttpClient-3-1" [_thread_in_native, id=31800, stack(0x00000000213a0000,0x00000000214a0000)]
  0x000000001ff16800 JavaThread "Exec Stream Pumper" daemon [_thread_in_native, id=14940, stack(0x0000000020ca0000,0x0000000020da0000)]
  0x000000001ff16000 JavaThread "Exec Stream Pumper" daemon [_thread_in_native, id=19624, stack(0x0000000020ba0000,0x0000000020ca0000)]
  0x000000001feb1000 JavaThread "UrlChecker-2" daemon [_thread_blocked, id=31216, stack(0x00000000209a0000,0x0000000020aa0000)]
  0x000000001feab000 JavaThread "Exec Default Executor" daemon [_thread_in_native, id=15164, stack(0x00000000208a0000,0x00000000209a0000)]
  0x000000001fea9800 JavaThread "AsyncHttpClient-timer-4-1" [_thread_blocked, id=25844, stack(0x00000000207a0000,0x00000000208a0000)]
  0x000000001fce8000 JavaThread "AsyncHttpClient-timer-1-1" [_thread_blocked, id=34380, stack(0x00000000202a0000,0x00000000203a0000)]
  0x000000001ea1e000 JavaThread "Service Thread" daemon [_thread_blocked, id=12376, stack(0x000000001f560000,0x000000001f660000)]
  0x000000001e9ac000 JavaThread "C1 CompilerThread3" daemon [_thread_blocked, id=32168, stack(0x000000001f460000,0x000000001f560000)]
=>0x000000001e9a0000 JavaThread "C2 CompilerThread2" daemon [_thread_in_native, id=20200, stack(0x000000001f360000,0x000000001f460000)]
  0x000000001e99c000 JavaThread "C2 CompilerThread1" daemon [_thread_in_native, id=33032, stack(0x000000001f260000,0x000000001f360000)]
  0x000000001e98e800 JavaThread "C2 CompilerThread0" daemon [_thread_in_native, id=36172, stack(0x000000001f160000,0x000000001f260000)]
  0x000000001e988000 JavaThread "Attach Listener" daemon [_thread_blocked, id=34084, stack(0x000000001f060000,0x000000001f160000)]
  0x000000001e987000 JavaThread "Signal Dispatcher" daemon [_thread_blocked, id=4476, stack(0x000000001ef60000,0x000000001f060000)]
  0x0000000003049000 JavaThread "Finalizer" daemon [_thread_blocked, id=36632, stack(0x000000001ed60000,0x000000001ee60000)]
  0x0000000003048000 JavaThread "Reference Handler" daemon [_thread_blocked, id=11556, stack(0x000000001e860000,0x000000001e960000)]
  0x0000000002e4d800 JavaThread "Forwarding newSession on session null to remote" [_thread_in_native, id=34968, stack(0x0000000002e50000,0x0000000002f50000)]

Other Threads:
  0x000000001ca79800 VMThread [stack: 0x000000001e760000,0x000000001e860000] [id=24536]
  0x000000001ea51800 WatcherThread [stack: 0x000000001f660000,0x000000001f760000] [id=36508]

VM state:not at safepoint (normal execution)

VM Mutex/Monitor currently owned by a thread: None

heap address: 0x00000006c1a00000, size: 4070 MB, Compressed Oops mode: Zero based, Oop shift amount: 3
Narrow klass base: 0x0000000000000000, Narrow klass shift: 3
Compressed class space size: 1073741824 Address: 0x00000007c0000000

Heap:
 PSYoungGen      total 76288K, used 30939K [0x000000076b380000, 0x0000000770880000, 0x00000007c0000000)
  eden space 65536K, 30% used [0x000000076b380000,0x000000076c739370,0x000000076f380000)
  from space 10752K, 99% used [0x000000076f380000,0x000000076fdfdb00,0x000000076fe00000)
  to   space 10752K, 0% used [0x000000076fe00000,0x000000076fe00000,0x0000000770880000)
 ParOldGen       total 175104K, used 714K [0x00000006c1a00000, 0x00000006cc500000, 0x000000076b380000)
  object space 175104K, 0% used [0x00000006c1a00000,0x00000006c1ab2978,0x00000006cc500000)
 Metaspace       used 17644K, capacity 18388K, committed 18688K, reserved 1067008K
  class space    used 2328K, capacity 2512K, committed 2560K, reserved 1048576K

Card table byte_map: [0x0000000012410000,0x0000000012c10000] byte_map_base: 0x000000000ee03000

Marking Bits: (ParMarkBitMap*) 0x0000000066ddbe30
 Begin Bits: [0x0000000013960000, 0x00000000178f8000)
 End Bits:   [0x00000000178f8000, 0x000000001b890000)

Polling page: 0x0000000000f80000

CodeCache: size=245760Kb used=4534Kb max_used=4544Kb free=241225Kb
 bounds [0x0000000003050000, 0x00000000034d0000, 0x0000000012050000]
 total_blobs=1784 nmethods=1366 adapters=330
 compilation: enabled

Compilation events (10 events):
Event: 16.213 Thread 0x000000001e9ac000 1358       3       java.lang.invoke.LambdaForm$MH/1112280004::linkToTargetMethod (8 bytes)
Event: 16.214 Thread 0x000000001e9ac000 nmethod 1358 0x00000000034bb9d0 code [0x00000000034bbb40, 0x00000000034bbe98]
Event: 16.214 Thread 0x000000001e9ac000 1359       3       java.lang.invoke.LambdaForm$MH/1830712962::identity_L (8 bytes)
Event: 16.214 Thread 0x000000001e9ac000 nmethod 1359 0x00000000034bbf90 code [0x00000000034bc100, 0x00000000034bc390]
Event: 16.214 Thread 0x000000001e9ac000 1360       1       com.google.common.collect.ImmutableEntry::getKey (5 bytes)
Event: 16.214 Thread 0x000000001e9ac000 nmethod 1360 0x00000000034bc450 code [0x00000000034bc5a0, 0x00000000034bc6b0]
Event: 16.218 Thread 0x000000001e9ac000 1361       3       java.util.Arrays::asList (9 bytes)
Event: 16.220 Thread 0x000000001e9ac000 nmethod 1361 0x00000000034bc710 code [0x00000000034bc8a0, 0x00000000034bcd28]
Event: 16.220 Thread 0x000000001e9ac000 1362       3       java.util.Arrays$ArrayList::<init> (16 bytes)
Event: 16.221 Thread 0x000000001e9ac000 nmethod 1362 0x00000000034bcf90 code [0x00000000034bd120, 0x00000000034bd508]

GC Heap History (2 events):
Event: 5.183 GC heap before
{Heap before GC invocations=1 (full 0):
 PSYoungGen      total 76288K, used 55104K [0x000000076b380000, 0x0000000770880000, 0x00000007c0000000)
  eden space 65536K, 84% used [0x000000076b380000,0x000000076e950358,0x000000076f380000)
  from space 10752K, 0% used [0x000000076fe00000,0x000000076fe00000,0x0000000770880000)
  to   space 10752K, 0% used [0x000000076f380000,0x000000076f380000,0x000000076fe00000)
 ParOldGen       total 175104K, used 0K [0x00000006c1a00000, 0x00000006cc500000, 0x000000076b380000)
  object space 175104K, 0% used [0x00000006c1a00000,0x00000006c1a00000,0x00000006cc500000)
 Metaspace       used 17379K, capacity 18074K, committed 18176K, reserved 1064960K
  class space    used 2289K, capacity 2475K, committed 2560K, reserved 1048576K
Event: 5.208 GC heap after
Heap after GC invocations=1 (full 0):
 PSYoungGen      total 76288K, used 10742K [0x000000076b380000, 0x0000000770880000, 0x00000007c0000000)
  eden space 65536K, 0% used [0x000000076b380000,0x000000076b380000,0x000000076f380000)
  from space 10752K, 99% used [0x000000076f380000,0x000000076fdfdb00,0x000000076fe00000)
  to   space 10752K, 0% used [0x000000076fe00000,0x000000076fe00000,0x0000000770880000)
 ParOldGen       total 175104K, used 714K [0x00000006c1a00000, 0x00000006cc500000, 0x000000076b380000)
  object space 175104K, 0% used [0x00000006c1a00000,0x00000006c1ab2978,0x00000006cc500000)
 Metaspace       used 17379K, capacity 18074K, committed 18176K, reserved 1064960K
  class space    used 2289K, capacity 2475K, committed 2560K, reserved 1048576K
}

Deoptimization events (10 events):
Event: 3.388 Thread 0x0000000002e4d800 Uncommon trap: reason=class_check action=maybe_recompile pc=0x00000000032cf870 method=java.util.regex.Pattern$Curly.match(Ljava/util/regex/Matcher;ILjava/lang/CharSequence;)Z @ 19
Event: 3.388 Thread 0x0000000002e4d800 Uncommon trap: reason=class_check action=maybe_recompile pc=0x00000000032cf870 method=java.util.regex.Pattern$Curly.match(Ljava/util/regex/Matcher;ILjava/lang/CharSequence;)Z @ 19
Event: 3.434 Thread 0x0000000002e4d800 Uncommon trap: reason=unstable_if action=reinterpret pc=0x00000000034202f0 method=java.util.regex.Pattern$BmpCharProperty.match(Ljava/util/regex/Matcher;ILjava/lang/CharSequence;)Z @ 34
Event: 5.009 Thread 0x0000000002e4d800 Uncommon trap: reason=unstable_if action=reinterpret pc=0x00000000033c9db0 method=java.util.HashMap.getNode(ILjava/lang/Object;)Ljava/util/HashMap$Node; @ 62
Event: 5.009 Thread 0x0000000002e4d800 Uncommon trap: reason=class_check action=maybe_recompile pc=0x000000000338a464 method=java.util.HashMap.putVal(ILjava/lang/Object;Ljava/lang/Object;ZZ)Ljava/lang/Object; @ 91
Event: 5.009 Thread 0x0000000002e4d800 Uncommon trap: reason=unstable_if action=reinterpret pc=0x000000000336fbd4 method=java.util.HashMap.getNode(ILjava/lang/Object;)Ljava/util/HashMap$Node; @ 62
Event: 5.009 Thread 0x0000000002e4d800 Uncommon trap: reason=class_check action=maybe_recompile pc=0x000000000338a464 method=java.util.HashMap.putVal(ILjava/lang/Object;Ljava/lang/Object;ZZ)Ljava/lang/Object; @ 91
Event: 5.010 Thread 0x0000000002e4d800 Uncommon trap: reason=class_check action=maybe_recompile pc=0x000000000338a464 method=java.util.HashMap.putVal(ILjava/lang/Object;Ljava/lang/Object;ZZ)Ljava/lang/Object; @ 91
Event: 5.011 Thread 0x0000000002e4d800 Uncommon trap: reason=class_check action=maybe_recompile pc=0x000000000338a464 method=java.util.HashMap.putVal(ILjava/lang/Object;Ljava/lang/Object;ZZ)Ljava/lang/Object; @ 91
Event: 5.016 Thread 0x0000000002e4d800 Uncommon trap: reason=class_check action=maybe_recompile pc=0x00000000033876ac method=java.util.HashMap.putVal(ILjava/lang/Object;Ljava/lang/Object;ZZ)Ljava/lang/Object; @ 91

Classes redefined (0 events):
No events

Internal exceptions (10 events):
Event: 3.286 Thread 0x0000000002e4d800 Exception <a 'java/lang/ArrayIndexOutOfBoundsException'> (0x000000076d96c5f8) thrown at [C:\ade\jenkins\workspace\8-2-build-windows-amd64-cygwin\jdk8u241\331\hotspot\src\share\vm\runtime\sharedRuntime.cpp, line 605]
Event: 3.286 Thread 0x0000000002e4d800 Exception <a 'java/lang/ArrayIndexOutOfBoundsException'> (0x000000076d96d278) thrown at [C:\ade\jenkins\workspace\8-2-build-windows-amd64-cygwin\jdk8u241\331\hotspot\src\share\vm\runtime\sharedRuntime.cpp, line 605]
Event: 3.287 Thread 0x0000000002e4d800 Exception <a 'java/lang/ArrayIndexOutOfBoundsException'> (0x000000076d971240) thrown at [C:\ade\jenkins\workspace\8-2-build-windows-amd64-cygwin\jdk8u241\331\hotspot\src\share\vm\runtime\sharedRuntime.cpp, line 605]
Event: 3.287 Thread 0x0000000002e4d800 Exception <a 'java/lang/ArrayIndexOutOfBoundsException'> (0x000000076d974b48) thrown at [C:\ade\jenkins\workspace\8-2-build-windows-amd64-cygwin\jdk8u241\331\hotspot\src\share\vm\runtime\sharedRuntime.cpp, line 605]
Event: 3.289 Thread 0x0000000002e4d800 Exception <a 'java/lang/NoSuchMethodError': java.lang.Object.lambda$andThen$1(Ljava/util/function/Function;Ljava/lang/Object;)Ljava/lang/Object;> (0x000000076d996720) thrown at [C:\ade\jenkins\workspace\8-2-build-windows-amd64-cygwin\jdk8u241\331\hotspot\
Event: 3.318 Thread 0x0000000002e4d800 Exception <a 'java/lang/NoSuchMethodError': java.lang.Object.lambda$chars$0()Ljava/util/Spliterator$OfInt;> (0x000000076db35170) thrown at [C:\ade\jenkins\workspace\8-2-build-windows-amd64-cygwin\jdk8u241\331\hotspot\src\share\vm\interpreter\linkResolver.
Event: 5.096 Thread 0x0000000020145800 Exception <a 'java/lang/ArrayIndexOutOfBoundsException'> (0x000000076e6d8e00) thrown at [C:\ade\jenkins\workspace\8-2-build-windows-amd64-cygwin\jdk8u241\331\hotspot\src\share\vm\runtime\sharedRuntime.cpp, line 605]
Event: 5.096 Thread 0x0000000020145800 Exception <a 'java/lang/ArrayIndexOutOfBoundsException'> (0x000000076e6da628) thrown at [C:\ade\jenkins\workspace\8-2-build-windows-amd64-cygwin\jdk8u241\331\hotspot\src\share\vm\runtime\sharedRuntime.cpp, line 605]
Event: 5.098 Thread 0x0000000020145800 Exception <a 'java/lang/ArrayIndexOutOfBoundsException'> (0x000000076e6ddd80) thrown at [C:\ade\jenkins\workspace\8-2-build-windows-amd64-cygwin\jdk8u241\331\hotspot\src\share\vm\runtime\sharedRuntime.cpp, line 605]
Event: 5.098 Thread 0x0000000020145800 Exception <a 'java/lang/ArrayIndexOutOfBoundsException'> (0x000000076e6deef8) thrown at [C:\ade\jenkins\workspace\8-2-build-windows-amd64-cygwin\jdk8u241\331\hotspot\src\share\vm\runtime\sharedRuntime.cpp, line 605]

Events (10 events):
Event: 16.220 loading class com/google/common/io/ByteStreams
Event: 16.220 loading class com/google/common/io/ByteStreams done
Event: 16.221 loading class com/google/common/io/ByteStreams$1
Event: 16.221 loading class com/google/common/io/ByteStreams$1 done
Event: 16.222 loading class com/google/common/io/ByteStreams$LimitedInputStream
Event: 16.222 loading class com/google/common/io/ByteStreams$LimitedInputStream done
Event: 16.223 loading class com/google/common/io/ByteArrayDataInput
Event: 16.223 loading class com/google/common/io/ByteArrayDataInput done
Event: 16.224 loading class com/google/common/io/ByteArrayDataOutput
Event: 16.224 loading class com/google/common/io/ByteArrayDataOutput done


Dynamic libraries:
0x00007ff652c30000 - 0x00007ff652c67000 	C:\Program Files\Java\jre1.8.0_241\bin\javaw.exe
0x00007ff846770000 - 0x00007ff84695d000 	C:\Windows\SYSTEM32\ntdll.dll
0x00007ff843a10000 - 0x00007ff843ac3000 	C:\Windows\System32\KERNEL32.DLL
0x00007ff842980000 - 0x00007ff842c13000 	C:\Windows\System32\KERNELBASE.dll
0x00007ff846110000 - 0x00007ff8461b3000 	C:\Windows\System32\ADVAPI32.dll
0x00007ff846480000 - 0x00007ff84651e000 	C:\Windows\System32\msvcrt.dll
0x00007ff8461c0000 - 0x00007ff84625e000 	C:\Windows\System32\sechost.dll
0x00007ff843ad0000 - 0x00007ff843bf2000 	C:\Windows\System32\RPCRT4.dll
0x00007ff8465a0000 - 0x00007ff846737000 	C:\Windows\System32\USER32.dll
0x00007ff842d80000 - 0x00007ff842da0000 	C:\Windows\System32\win32u.dll
0x00007ff846450000 - 0x00007ff846479000 	C:\Windows\System32\GDI32.dll
0x00007ff843050000 - 0x00007ff8431e9000 	C:\Windows\System32\gdi32full.dll
0x00007ff8428e0000 - 0x00007ff842980000 	C:\Windows\System32\msvcp_win.dll
0x00007ff842c20000 - 0x00007ff842d1a000 	C:\Windows\System32\ucrtbase.dll
0x00007ff831700000 - 0x00007ff831979000 	C:\Windows\WinSxS\amd64_microsoft.windows.common-controls_6595b64144ccf1df_6.0.17763.973_none_05b245900721eb81\COMCTL32.dll
0x00007ff845490000 - 0x00007ff8457bc000 	C:\Windows\System32\combase.dll
0x00007ff842dc0000 - 0x00007ff842e3e000 	C:\Windows\System32\bcryptPrimitives.dll
0x00007ff845c00000 - 0x00007ff845c2e000 	C:\Windows\System32\IMM32.DLL
0x0000000067870000 - 0x0000000067942000 	C:\Program Files\Java\jre1.8.0_241\bin\msvcr100.dll
0x00000000665b0000 - 0x0000000066e5c000 	C:\Program Files\Java\jre1.8.0_241\bin\server\jvm.dll
0x00007ff846520000 - 0x00007ff846528000 	C:\Windows\System32\PSAPI.DLL
0x00007ff8306e0000 - 0x00007ff8306e9000 	C:\Windows\SYSTEM32\WSOCK32.dll
0x00007ff83dbb0000 - 0x00007ff83dbba000 	C:\Windows\SYSTEM32\VERSION.dll
0x00007ff840660000 - 0x00007ff840684000 	C:\Windows\SYSTEM32\WINMM.dll
0x00007ff846530000 - 0x00007ff84659d000 	C:\Windows\System32\WS2_32.dll
0x00007ff840630000 - 0x00007ff84065d000 	C:\Windows\SYSTEM32\WINMMBASE.dll
0x00007ff843940000 - 0x00007ff84398a000 	C:\Windows\System32\cfgmgr32.dll
0x00007ff829e20000 - 0x00007ff829e2f000 	C:\Program Files\Java\jre1.8.0_241\bin\verify.dll
0x00007ff80b7c0000 - 0x00007ff80b7e9000 	C:\Program Files\Java\jre1.8.0_241\bin\java.dll
0x00007ff81c9b0000 - 0x00007ff81c9c6000 	C:\Program Files\Java\jre1.8.0_241\bin\zip.dll
0x00007ff843f90000 - 0x00007ff845484000 	C:\Windows\System32\SHELL32.dll
0x00007ff8457c0000 - 0x00007ff845868000 	C:\Windows\System32\shcore.dll
0x00007ff8431f0000 - 0x00007ff84393d000 	C:\Windows\System32\windows.storage.dll
0x00007ff842800000 - 0x00007ff842824000 	C:\Windows\System32\profapi.dll
0x00007ff8427a0000 - 0x00007ff8427fd000 	C:\Windows\System32\powrprof.dll
0x00007ff8463f0000 - 0x00007ff846442000 	C:\Windows\System32\shlwapi.dll
0x00007ff842780000 - 0x00007ff842791000 	C:\Windows\System32\kernel.appcore.dll
0x00007ff842da0000 - 0x00007ff842db7000 	C:\Windows\System32\cryptsp.dll
0x00007ff816cc0000 - 0x00007ff816cda000 	C:\Program Files\Java\jre1.8.0_241\bin\net.dll
0x00007ff841fd0000 - 0x00007ff842037000 	C:\Windows\system32\mswsock.dll
0x00007ff841d30000 - 0x00007ff841df6000 	C:\Windows\SYSTEM32\DNSAPI.dll
0x00007ff845870000 - 0x00007ff845878000 	C:\Windows\System32\NSI.dll
0x00007ff841cf0000 - 0x00007ff841d2d000 	C:\Windows\SYSTEM32\IPHLPAPI.DLL
0x00007ff834e90000 - 0x00007ff834e9a000 	C:\Windows\System32\rasadhlp.dll
0x00007ff83dc60000 - 0x00007ff83dcd9000 	C:\Windows\System32\fwpuclnt.dll
0x00007ff843020000 - 0x00007ff843046000 	C:\Windows\System32\bcrypt.dll
0x00007ff81ae30000 - 0x00007ff81ae54000 	C:\Program Files\Java\jre1.8.0_241\bin\sunec.dll
0x00007ff83d6a0000 - 0x00007ff83d6b6000 	C:\Windows\SYSTEM32\dhcpcsvc6.DLL
0x00007ff83d2f0000 - 0x00007ff83d30c000 	C:\Windows\SYSTEM32\dhcpcsvc.DLL
0x00007ff8142a0000 - 0x00007ff8142b2000 	C:\Program Files\Java\jre1.8.0_241\bin\nio.dll
0x00007ff841af0000 - 0x00007ff841b23000 	C:\Windows\system32\rsaenh.dll
0x00007ff842660000 - 0x00007ff842688000 	C:\Windows\SYSTEM32\USERENV.dll
0x00007ff8421a0000 - 0x00007ff8421ac000 	C:\Windows\SYSTEM32\CRYPTBASE.dll
0x00007ff8291e0000 - 0x00007ff8291eb000 	C:\Program Files\Java\jre1.8.0_241\bin\sunmscapi.dll
0x00007ff842e40000 - 0x00007ff84301c000 	C:\Windows\System32\CRYPT32.dll
0x00007ff842760000 - 0x00007ff842772000 	C:\Windows\System32\MSASN1.dll
0x00007ff829db0000 - 0x00007ff829dbd000 	C:\Program Files\Java\jre1.8.0_241\bin\management.dll
0x00007ff82fa40000 - 0x00007ff82fa56000 	C:\Windows\system32\napinsp.dll
0x00007ff82fa20000 - 0x00007ff82fa3a000 	C:\Windows\system32\pnrpnsp.dll
0x00007ff82f850000 - 0x00007ff82f85e000 	C:\Windows\System32\winrnr.dll
0x00007ff83a6c0000 - 0x00007ff83a6db000 	C:\Windows\system32\NLAapi.dll
0x00007ff83a8c0000 - 0x00007ff83a8d5000 	C:\Windows\system32\wshbth.dll

VM Arguments:
jvm_args: -Dfile.encoding=Cp1252 
java_command: webpage.web
java_class_path (initial): C:\Users\dugana.santoshini\eclipse-workspace\webpage\bin;C:\Users\dugana.santoshini\Downloads\selenium-server-4.0.0-alpha-4 (1).jar
Launcher Type: SUN_STANDARD

Environment Variables:
PATH=C:/Program Files/Java/jre1.8.0_241/bin/server;C:/Program Files/Java/jre1.8.0_241/bin;C:/Program Files/Java/jre1.8.0_241/lib/amd64;C:\Program Files (x86)\Common Files\Oracle\Java\javapath;C:\Windows\system32;C:\Windows;C:\Windows\System32\Wbem;C:\Windows\System32\WindowsPowerShell\v1.0\;C:\Windows\System32\OpenSSH\;C:\Program Files\Microsoft SQL Server\130\Tools\Binn\;C:\Program Files\Git\cmd;C:\Program Files\MySQL\MySQL Shell 8.0\bin\;C:\Users\dugana.santoshini\AppData\Local\Microsoft\WindowsApps;;C:\Users\dugana.santoshini\AppData\Local\Programs\Microsoft VS Code\bin;C:\Users\dugana.santoshini\Desktop;
USERNAME=dugana.santoshini
OS=Windows_NT
PROCESSOR_IDENTIFIER=Intel64 Family 6 Model 94 Stepping 3, GenuineIntel



---------------  S Y S T E M  ---------------

OS: Windows 10.0 , 64 bit Build 17763 (10.0.17763.475)

CPU:total 8 (initial active 8) (4 cores per cpu, 2 threads per core) family 6 model 94 stepping 3, cmov, cx8, fxsr, mmx, sse, sse2, sse3, ssse3, sse4.1, sse4.2, popcnt, avx, avx2, aes, clmul, erms, rtm, 3dnowpref, lzcnt, ht, tsc, tscinvbit, bmi1, bmi2, adx

Memory: 4k page, physical 16666212k(6436768k free), swap 39908704k(1572k free)

vm_info: Java HotSpot(TM) 64-Bit Server VM (25.241-b07) for windows-amd64 JRE (1.8.0_241-b07), built on Dec 11 2019 10:21:40 by "rejava" with MS VC++ 10.0 (VS2010)

time: Tue Feb 18 15:04:43 2020
timezone: India Standard Time
elapsed time: 16 seconds (0d 0h 0m 16s)

